[+] Containers:
 |- [+] Container: /Game/ThirdPerson/Maps/ThirdPersonMap
 |   |- [+] ActorDescs:
 |   |   |- Guid:042D64464762B013597D50BCA140D5EF BaseClass: NativeClass:/Script/Engine.StaticMeshActor Name:StaticMeshActor_UAID_4CCC6A4801F8E41B02_2105649150 Label:Cube3 SpatiallyLoaded:1 Bounds:IsValid=true, Min=(X=1590.000 Y=1070.000 Z=-30.000), Max=(X=1690.000 Y=1170.000 Z=70.000) RuntimeGrid:None EditorOnly:0 RuntimeOnly:0 HLODRelevant:1 ListedInSceneOutliner:1 IsMainWorldOnly:0
 |   |   |- Guid:0663FE4042C2F9EECF9B1DB6AE65D683 BaseClass: NativeClass:/Script/Engine.StaticMeshActor Name:StaticMeshActor_UAID_4CCC6A4801F8E21B02_1540245783 Label:Burta_dziobowa SpatiallyLoaded:1 Bounds:IsValid=true, Min=(X=1182.549 Y=757.812 Z=-3.420), Max=(X=1581.109 Y=1048.138 Z=238.343) RuntimeGrid:None EditorOnly:0 RuntimeOnly:0 HLODRelevant:1 ListedInSceneOutliner:1 IsMainWorldOnly:0 FolderPath:Statek FolderGuid:14BDC4984442131003FD38A61D6A7A92
 |   |   |- Guid:175DD5EE4D9E6FBB140086A2F7787C9C BaseClass: NativeClass:/Script/Engine.StaticMeshActor Name:StaticMeshActor_UAID_4CCC6A4801F8E41B02_2107794156 Label:Cube9 SpatiallyLoaded:1 Bounds:IsValid=true, Min=(X=1590.000 Y=1150.000 Z=-30.000), Max=(X=1690.000 Y=1250.000 Z=70.000) RuntimeGrid:None EditorOnly:0 RuntimeOnly:0 HLODRelevant:1 ListedInSceneOutliner:1 IsMainWorldOnly:0
 |   |   |- Guid:19A470314EDB43C227AA4ABDF740E605 BaseClass: NativeClass:/Script/Engine.StaticMeshActor Name:StaticMeshActor_UAID_4CCC6A4801F8E41B02_2108178157 Label:Cube10 SpatiallyLoaded:1 Bounds:IsValid=true, Min=(X=1660.000 Y=1150.000 Z=-30.000), Max=(X=1760.000 Y=1250.000 Z=70.000) RuntimeGrid:None EditorOnly:0 RuntimeOnly:0 HLODRelevant:1 ListedInSceneOutliner:1 IsMainWorldOnly:0
 |   |   |- Guid:2FB58999456391D349DC0F86DAC136ED BaseClass: NativeClass:/Script/Engine.SkyLight Name:SkyLight_1 Label:SkyLight SpatiallyLoaded:0 Bounds:IsValid=true, Min=(X=0.000 Y=0.000 Z=690.000), Max=(X=0.000 Y=0.000 Z=690.000) RuntimeGrid:None EditorOnly:0 RuntimeOnly:0 HLODRelevant:0 ListedInSceneOutliner:1 IsMainWorldOnly:0 FolderPath:Lighting FolderGuid:963EC3EB4002CCE9759E2EBA541A873A
 |   |   |- Guid:316CF2A6494ACA4C0E4180A87D36AB8F BaseClass: NativeClass:/Script/Engine.ExponentialHeightFog Name:ExponentialHeightFog_0 Label:ExponentialHeightFog SpatiallyLoaded:0 Bounds:IsValid=true, Min=(X=-5600.000 Y=-50.000 Z=-6850.000), Max=(X=-5600.000 Y=-50.000 Z=-6850.000) RuntimeGrid:None EditorOnly:0 RuntimeOnly:0 HLODRelevant:0 ListedInSceneOutliner:1 IsMainWorldOnly:0 FolderPath:Lighting FolderGuid:963EC3EB4002CCE9759E2EBA541A873A
 |   |   |- Guid:37390548417F83FD7049F486EBF0912D BaseClass: NativeClass:/Script/Engine.StaticMeshActor Name:StaticMeshActor_UAID_4CCC6A4801F8E81B02_1844840878 Label:Podpok?ad_2 SpatiallyLoaded:1 Bounds:IsValid=true, Min=(X=1045.000 Y=733.500 Z=467.500), Max=(X=1595.000 Y=1358.500 Z=492.500) RuntimeGrid:None EditorOnly:0 RuntimeOnly:0 HLODRelevant:1 ListedInSceneOutliner:1 IsMainWorldOnly:0 FolderPath:Statek FolderGuid:14BDC4984442131003FD38A61D6A7A92
 |   |   |- Guid:383AA03D499240EDBD4C17A272E0406A BaseClass: NativeClass:/Script/Engine.StaticMeshActor Name:StaticMeshActor_UAID_4CCC6A4801F8E61B02_1564821521 Label:Boolean SpatiallyLoaded:1 Bounds:IsValid=true, Min=(X=1550.000 Y=740.000 Z=240.000), Max=(X=2550.000 Y=1340.000 Z=260.000) RuntimeGrid:None EditorOnly:0 RuntimeOnly:0 HLODRelevant:1 ListedInSceneOutliner:1 IsMainWorldOnly:0
 |   |   |- Guid:39319C234DAACFE9334BBEB631B25F54 BaseClass: NativeClass:/Script/Engine.StaticMeshActor Name:StaticMeshActor_UAID_4CCC6A4801F8E61B02_1170117517 Label:Burta_lewa_6 SpatiallyLoaded:1 Bounds:IsValid=true, Min=(X=1990.000 Y=1320.000 Z=260.000), Max=(X=2550.000 Y=1340.000 Z=490.000) RuntimeGrid:None EditorOnly:0 RuntimeOnly:0 HLODRelevant:1 ListedInSceneOutliner:1 IsMainWorldOnly:0 FolderPath:Statek FolderGuid:14BDC4984442131003FD38A61D6A7A92
 |   |   |- Guid:39D8F8CD400EBAA2DDFC72B1CBCCDE4D BaseClass: NativeClass:/Script/Engine.StaticMeshActor Name:StaticMeshActor_UAID_4CCC6A4801F8E31B02_1276925963 Label:Burta_prawa_2 SpatiallyLoaded:1 Bounds:IsValid=true, Min=(X=1980.000 Y=1240.603 Z=-3.420), Max=(X=2540.000 Y=1344.902 Z=238.343) RuntimeGrid:None EditorOnly:0 RuntimeOnly:0 HLODRelevant:1 ListedInSceneOutliner:1 IsMainWorldOnly:0 FolderPath:Statek FolderGuid:14BDC4984442131003FD38A61D6A7A92
 |   |   |- Guid:3A00AA1C422CE54C0BDB60BAF471BFBB BaseClass: NativeClass:/Script/Engine.PlayerStart Name:PlayerStart_0 Label:PlayerStart SpatiallyLoaded:0 Bounds:IsValid=true, Min=(X=1240.000 Y=1300.000 Z=0.013), Max=(X=1320.000 Y=1380.000 Z=184.013) RuntimeGrid:None EditorOnly:0 RuntimeOnly:0 HLODRelevant:0 ListedInSceneOutliner:1 IsMainWorldOnly:0
 |   |   |- Guid:43815E84492231AFC407F59E3C28176B BaseClass: NativeClass:/Script/Engine.StaticMeshActor Name:StaticMeshActor_4 Label:SM_Cube6 SpatiallyLoaded:1 Bounds:IsValid=true, Min=(X=2900.000 Y=100.000 Z=0.000), Max=(X=3000.000 Y=3400.000 Z=400.000) RuntimeGrid:None EditorOnly:0 RuntimeOnly:0 HLODRelevant:1 ListedInSceneOutliner:1 IsMainWorldOnly:0 FolderPath:Playground FolderGuid:C73F09FC4215536B1DCE2A9E0A830C70
 |   |   |- Guid:447625984137A9C5F8EBC8AEF18A6BFA BaseClass: NativeClass:/Script/Engine.StaticMeshActor Name:StaticMeshActor_UAID_4CCC6A4801F8E41B02_2107102154 Label:Cube7 SpatiallyLoaded:1 Bounds:IsValid=true, Min=(X=1660.000 Y=1135.000 Z=40.000), Max=(X=1760.000 Y=1285.000 Z=140.000) RuntimeGrid:None EditorOnly:0 RuntimeOnly:0 HLODRelevant:1 ListedInSceneOutliner:1 IsMainWorldOnly:0
 |   |   |- Guid:46A76C6646B87F043F7D9A8075604B1E BaseClass: NativeClass:/Script/Engine.StaticMeshActor Name:StaticMeshActor_UAID_4CCC6A4801F8E21B02_2129079786 Label:Burta_lewa_1 SpatiallyLoaded:1 Bounds:IsValid=true, Min=(X=1580.000 Y=745.098 Z=-3.420), Max=(X=1980.000 Y=849.397 Z=238.343) RuntimeGrid:None EditorOnly:0 RuntimeOnly:0 HLODRelevant:1 ListedInSceneOutliner:1 IsMainWorldOnly:0 FolderPath:Statek FolderGuid:14BDC4984442131003FD38A61D6A7A92
 |   |   |- Guid:4D3BE93F4146AAAC8BBE79999D96D57F BaseClass: NativeClass:/Script/Engine.VolumetricCloud Name:VolumetricCloud_0 Label:VolumetricCloud SpatiallyLoaded:0 Bounds:IsValid=true, Min=(X=0.000 Y=0.000 Z=820.000), Max=(X=0.000 Y=0.000 Z=820.000) RuntimeGrid:None EditorOnly:0 RuntimeOnly:0 HLODRelevant:0 ListedInSceneOutliner:1 IsMainWorldOnly:0 FolderPath:Lighting FolderGuid:963EC3EB4002CCE9759E2EBA541A873A
 |   |   |- Guid:53BE9C344D554F8FD89722A4087124F9 BaseClass: NativeClass:/Script/Engine.StaticMeshActor Name:StaticMeshActor_UAID_4CCC6A4801F8E41B02_2106431152 Label:Cube5 SpatiallyLoaded:1 Bounds:IsValid=true, Min=(X=1710.000 Y=1030.000 Z=-30.000), Max=(X=1810.000 Y=1130.000 Z=70.000) RuntimeGrid:None EditorOnly:0 RuntimeOnly:0 HLODRelevant:1 ListedInSceneOutliner:1 IsMainWorldOnly:0
 |   |   |- Guid:5B97F4A64FB21F77EFC44386BF705B4C BaseClass: NativeClass:/Script/Engine.TextRenderActor Name:TextRenderActor_1 Label:TextRenderActor SpatiallyLoaded:1 Bounds:IsValid=true, Min=(X=-0.100 Y=1100.000 Z=65.013), Max=(X=-0.100 Y=2392.308 Z=215.013) RuntimeGrid:None EditorOnly:0 RuntimeOnly:0 HLODRelevant:0 ListedInSceneOutliner:1 IsMainWorldOnly:0
 |   |   |- Guid:5FEE4C5B43B39978B93176A3F4D13302 BaseClass: NativeClass:/Script/Engine.StaticMeshActor Name:StaticMeshActor_UAID_4CCC6A4801F8E41B02_1357752147 Label:Dziurawa burta SpatiallyLoaded:1 Bounds:IsValid=true, Min=(X=1186.139 Y=1041.862 Z=-3.420), Max=(X=1584.698 Y=1332.187 Z=238.343) RuntimeGrid:None EditorOnly:0 RuntimeOnly:0 HLODRelevant:1 ListedInSceneOutliner:1 IsMainWorldOnly:0 FolderPath:Statek FolderGuid:14BDC4984442131003FD38A61D6A7A92
 |   |   |- Guid:618B069246021C768177829F1C0B6F19 BaseClass: NativeClass:/Script/Engine.StaticMeshActor Name:StaticMeshActor_UAID_4CCC6A4801F8E61B02_1288873519 Label:Cube11 SpatiallyLoaded:1 Bounds:IsValid=true, Min=(X=1980.000 Y=840.000 Z=-7.500), Max=(X=2080.000 Y=940.000 Z=167.500) RuntimeGrid:None EditorOnly:0 RuntimeOnly:0 HLODRelevant:1 ListedInSceneOutliner:1 IsMainWorldOnly:0
 |   |   |- Guid:694036FB497446E0F8AD08B85EC3B305 BaseClass: NativeClass:/Script/Engine.StaticMeshActor Name:StaticMeshActor_UAID_4CCC6A4801F8E91B02_1501187060 Label:Burta_lewa_8 SpatiallyLoaded:1 Bounds:IsValid=true, Min=(X=2550.000 Y=540.000 Z=-60.000), Max=(X=2570.000 Y=1500.000 Z=500.000) RuntimeGrid:None EditorOnly:0 RuntimeOnly:0 HLODRelevant:1 ListedInSceneOutliner:1 IsMainWorldOnly:0 FolderPath:Statek FolderGuid:14BDC4984442131003FD38A61D6A7A92
 |   |   |- Guid:6AD4CADB40A6E51873F921BDEBEC0A74 BaseClass: NativeClass:/Script/Engine.StaticMeshActor Name:StaticMeshActor_UAID_4CCC6A4801F8E91B02_1121188057 Label:Burta_lewa_9 SpatiallyLoaded:1 Bounds:IsValid=true, Min=(X=1055.000 Y=731.340 Z=260.000), Max=(X=1584.615 Y=1048.660 Z=480.000) RuntimeGrid:None EditorOnly:0 RuntimeOnly:0 HLODRelevant:1 ListedInSceneOutliner:1 IsMainWorldOnly:0 FolderPath:Statek FolderGuid:14BDC4984442131003FD38A61D6A7A92
 |   |   |- Guid:6AFE29C744D42FC9224AA28827C147A4 BaseClass: NativeClass:/Script/Engine.StaticMeshActor Name:StaticMeshActor_UAID_4CCC6A4801F8E91B02_1441054059 Label:Cube14 SpatiallyLoaded:1 Bounds:IsValid=true, Min=(X=2250.000 Y=1000.000 Z=-62.500), Max=(X=2350.000 Y=1100.000 Z=62.500) RuntimeGrid:None EditorOnly:0 RuntimeOnly:0 HLODRelevant:1 ListedInSceneOutliner:1 IsMainWorldOnly:0
 |   |   |- Guid:6BAF4DDD444C60371492D3919DB42C97 BaseClass: NativeClass:/Script/Engine.WorldDataLayers Name:WorldDataLayers Label:WorldDataLayers SpatiallyLoaded:0 Bounds:IsValid=true, Min=(X=0.000 Y=0.000 Z=0.000), Max=(X=0.000 Y=0.000 Z=0.000) RuntimeGrid:None EditorOnly:0 RuntimeOnly:0 HLODRelevant:0 ListedInSceneOutliner:1 IsMainWorldOnly:1
 |   |   |- Guid:7659F99E42E7101B94B56DA5E6CFAC45 BaseClass: NativeClass:/Script/Engine.StaticMeshActor Name:StaticMeshActor_UAID_4CCC6A4801F8E41B02_2107458155 Label:Cube8 SpatiallyLoaded:1 Bounds:IsValid=true, Min=(X=1750.000 Y=1150.000 Z=-10.000), Max=(X=1850.000 Y=1250.000 Z=90.000) RuntimeGrid:None EditorOnly:0 RuntimeOnly:0 HLODRelevant:1 ListedInSceneOutliner:1 IsMainWorldOnly:0
 |   |   |- Guid:A56216954B2165CF0F35A886B537D536 BaseClass: NativeClass:/Script/Engine.StaticMeshActor Name:StaticMeshActor_0 Label:SM_Cube5 SpatiallyLoaded:1 Bounds:IsValid=true, Min=(X=-0.000 Y=100.000 Z=0.000), Max=(X=100.000 Y=3400.000 Z=400.000) RuntimeGrid:None EditorOnly:0 RuntimeOnly:0 HLODRelevant:1 ListedInSceneOutliner:1 IsMainWorldOnly:0 FolderPath:Playground FolderGuid:C73F09FC4215536B1DCE2A9E0A830C70
 |   |   |- Guid:ACFED14A40A373D7949297969458DA88 BaseClass: NativeClass:/Script/Engine.StaticMeshActor Name:StaticMeshActor_UAID_4CCC6A4801F8E41B02_2105273149 Label:Cube2 SpatiallyLoaded:1 Bounds:IsValid=true, Min=(X=1650.000 Y=1050.000 Z=-30.000), Max=(X=1750.000 Y=1150.000 Z=70.000) RuntimeGrid:None EditorOnly:0 RuntimeOnly:0 HLODRelevant:1 ListedInSceneOutliner:1 IsMainWorldOnly:0
 |   |   |- Guid:B0651F774F5740416C7A0B972FE85CC8 BaseClass: NativeClass:/Script/Engine.StaticMeshActor Name:StaticMeshActor_UAID_4CCC6A4801F8E61B02_1684768522 Label:Cube12 SpatiallyLoaded:1 Bounds:IsValid=true, Min=(X=2290.000 Y=1000.000 Z=-27.500), Max=(X=2390.000 Y=1100.000 Z=147.500) RuntimeGrid:None EditorOnly:0 RuntimeOnly:0 HLODRelevant:1 ListedInSceneOutliner:1 IsMainWorldOnly:0
 |   |   |- Guid:B785ED2844B84CFB91E7F39FE661CD99 BaseClass: NativeClass:/Script/Engine.DirectionalLight Name:DirectionalLight_0 Label:DirectionalLight SpatiallyLoaded:0 Bounds:IsValid=true, Min=(X=-1048576.000 Y=-1048576.000 Z=-1048576.000), Max=(X=1048576.000 Y=1048576.000 Z=1048576.000) RuntimeGrid:None EditorOnly:0 RuntimeOnly:0 HLODRelevant:0 ListedInSceneOutliner:1 IsMainWorldOnly:0 FolderPath:Lighting FolderGuid:963EC3EB4002CCE9759E2EBA541A873A
 |   |   |- Guid:BC08B79C4EA3C961CFF75EBBE83B367D BaseClass: NativeClass:/Script/Engine.StaticMeshActor Name:StaticMeshActor_5 Label:SM_Cube2 SpatiallyLoaded:1 Bounds:IsValid=true, Min=(X=0.000 Y=0.000 Z=0.000), Max=(X=3000.000 Y=100.000 Z=400.000) RuntimeGrid:None EditorOnly:0 RuntimeOnly:0 HLODRelevant:1 ListedInSceneOutliner:1 IsMainWorldOnly:0 FolderPath:Playground FolderGuid:C73F09FC4215536B1DCE2A9E0A830C70
 |   |   |- Guid:C43319EA46482CF086830AA318BD9D83 BaseClass: NativeClass:/Script/Engine.StaticMeshActor Name:StaticMeshActor_UAID_4CCC6A4801F8E61B02_1142943515 Label:Burta_lewa_4 SpatiallyLoaded:1 Bounds:IsValid=true, Min=(X=1590.000 Y=740.000 Z=260.000), Max=(X=1990.000 Y=760.000 Z=490.000) RuntimeGrid:None EditorOnly:0 RuntimeOnly:0 HLODRelevant:1 ListedInSceneOutliner:1 IsMainWorldOnly:0 FolderPath:Statek FolderGuid:14BDC4984442131003FD38A61D6A7A92
 |   |   |- Guid:C95164AE4F0B58C9812EBC907EFB8D59 BaseClass: NativeClass:/Script/Engine.StaticMeshActor Name:StaticMeshActor_UAID_4CCC6A4801F8E81B02_1499951875 Label:Cube13 SpatiallyLoaded:1 Bounds:IsValid=true, Min=(X=2270.000 Y=1000.000 Z=-22.500), Max=(X=2370.000 Y=1100.000 Z=102.500) RuntimeGrid:None EditorOnly:0 RuntimeOnly:0 HLODRelevant:1 ListedInSceneOutliner:1 IsMainWorldOnly:0
 |   |   |- Guid:CCFF262C46EEFFDF319E7F9539CE697E BaseClass: NativeClass:/Script/Engine.SkyAtmosphere Name:SkyAtmosphere_0 Label:SkyAtmosphere SpatiallyLoaded:0 Bounds:IsValid=true, Min=(X=0.000 Y=0.000 Z=1020.000), Max=(X=0.000 Y=0.000 Z=1020.000) RuntimeGrid:None EditorOnly:0 RuntimeOnly:0 HLODRelevant:0 ListedInSceneOutliner:1 IsMainWorldOnly:0 FolderPath:Lighting FolderGuid:963EC3EB4002CCE9759E2EBA541A873A
 |   |   |- Guid:D3058EEB41447B0D0FA80C8DD22BC825 BaseClass: NativeClass:/Script/Engine.StaticMeshActor Name:StaticMeshActor_UAID_4CCC6A4801F8E61B02_1156961516 Label:Burta_lewa_5 SpatiallyLoaded:1 Bounds:IsValid=true, Min=(X=1990.000 Y=740.000 Z=260.000), Max=(X=2550.000 Y=760.000 Z=490.000) RuntimeGrid:None EditorOnly:0 RuntimeOnly:0 HLODRelevant:1 ListedInSceneOutliner:1 IsMainWorldOnly:0 FolderPath:Statek FolderGuid:14BDC4984442131003FD38A61D6A7A92
 |   |   |- Guid:D57490D144207164C65DF18B2FE433EE BaseClass: NativeClass:/Script/Engine.StaticMeshActor Name:StaticMeshActor_UAID_4CCC6A4801F8E91B02_1269301058 Label:Burta_lewa_10 SpatiallyLoaded:1 Bounds:IsValid=true, Min=(X=1055.000 Y=1041.340 Z=260.000), Max=(X=1584.615 Y=1358.660 Z=480.000) RuntimeGrid:None EditorOnly:0 RuntimeOnly:0 HLODRelevant:1 ListedInSceneOutliner:1 IsMainWorldOnly:0 FolderPath:Statek FolderGuid:14BDC4984442131003FD38A61D6A7A92
 |   |   |- Guid:DBD8EC064E19AAFC5A94769FAF6D0B0C BaseClass: NativeClass:/Script/Engine.StaticMeshActor Name:StaticMeshActor_UAID_4CCC6A4801F8E41B02_2106747153 Label:Cube6 SpatiallyLoaded:1 Bounds:IsValid=true, Min=(X=1740.000 Y=1100.000 Z=-30.000), Max=(X=1840.000 Y=1200.000 Z=70.000) RuntimeGrid:None EditorOnly:0 RuntimeOnly:0 HLODRelevant:1 ListedInSceneOutliner:1 IsMainWorldOnly:0
 |   |   |- Guid:DD6D7AC7447E37A8FEF06BA7A55DA06E BaseClass: NativeClass:/Script/Engine.StaticMeshActor Name:StaticMeshActor_UAID_4CCC6A4801F8E31B02_1453863965 Label:Podpok?ad_1 SpatiallyLoaded:1 Bounds:IsValid=true, Min=(X=1035.000 Y=733.500 Z=237.500), Max=(X=1585.000 Y=1358.500 Z=262.500) RuntimeGrid:None EditorOnly:0 RuntimeOnly:0 HLODRelevant:1 ListedInSceneOutliner:1 IsMainWorldOnly:0 FolderPath:Statek FolderGuid:14BDC4984442131003FD38A61D6A7A92
 |   |   |- Guid:DF52A4BD4302169F5C360EBCA4436498 BaseClass: NativeClass:/Script/Engine.StaticMeshActor Name:StaticMeshActor_UAID_4CCC6A4801F8E81B02_1728357877 Label:Burta_lewa_7 SpatiallyLoaded:1 Bounds:IsValid=true, Min=(X=1590.000 Y=760.000 Z=470.000), Max=(X=2550.000 Y=1320.000 Z=490.000) RuntimeGrid:None EditorOnly:0 RuntimeOnly:0 HLODRelevant:1 ListedInSceneOutliner:1 IsMainWorldOnly:0 FolderPath:Statek FolderGuid:14BDC4984442131003FD38A61D6A7A92
 |   |   |- Guid:E2DC0E7044DF7E097B4E5DB649885CC4 BaseClass: NativeClass:/Script/Engine.StaticMeshActor Name:StaticMeshActor_UAID_4CCC6A4801F8E31B02_1296855964 Label:Burta_lewa_2 SpatiallyLoaded:1 Bounds:IsValid=true, Min=(X=1980.000 Y=745.098 Z=-3.420), Max=(X=2540.000 Y=849.397 Z=238.343) RuntimeGrid:None EditorOnly:0 RuntimeOnly:0 HLODRelevant:1 ListedInSceneOutliner:1 IsMainWorldOnly:0 FolderPath:Statek FolderGuid:14BDC4984442131003FD38A61D6A7A92
 |   |   |- Guid:E81C3235495292FC6ECE3691452D86BF BaseClass: NativeClass:/Script/Engine.StaticMeshActor Name:StaticMeshActor_UAID_4CCC6A4801F8E41B02_1685527148 Label:Cube SpatiallyLoaded:1 Bounds:IsValid=true, Min=(X=1670.000 Y=982.500 Z=-2.500), Max=(X=1770.000 Y=1057.500 Z=122.500) RuntimeGrid:None EditorOnly:0 RuntimeOnly:0 HLODRelevant:1 ListedInSceneOutliner:1 IsMainWorldOnly:0
 |   |   |- Guid:EACA47E04EEB36DB22A1319AFB141D27 BaseClass: NativeClass:/Script/Engine.StaticMeshActor Name:StaticMeshActor_UAID_4CCC6A4801F8E21B02_2014881785 Label:Burta_prawa_1 SpatiallyLoaded:1 Bounds:IsValid=true, Min=(X=1580.000 Y=1240.603 Z=-3.420), Max=(X=1980.000 Y=1344.902 Z=238.343) RuntimeGrid:None EditorOnly:0 RuntimeOnly:0 HLODRelevant:1 ListedInSceneOutliner:1 IsMainWorldOnly:0 FolderPath:Statek FolderGuid:14BDC4984442131003FD38A61D6A7A92
 |   |   |- Guid:EC4E0C944CE6AC6E784BC6BB2916EA13 BaseClass: NativeClass:/Script/Engine.StaticMeshActor Name:StaticMeshActor_UAID_A4AE111137DC5EFB00_1110535423 Label:SM_SkySphere SpatiallyLoaded:0 Bounds:IsValid=true, Min=(X=-1638400.000 Y=-1638400.000 Z=-1638400.000), Max=(X=1638400.000 Y=1638400.000 Z=1638400.000) RuntimeGrid:None EditorOnly:0 RuntimeOnly:0 HLODRelevant:1 ListedInSceneOutliner:1 IsMainWorldOnly:0 FolderPath:Lighting FolderGuid:963EC3EB4002CCE9759E2EBA541A873A
 |   |   |- Guid:F1924B8D48954B30891B2DB6A694F9CC BaseClass: NativeClass:/Script/Engine.StaticMeshActor Name:StaticMeshActor_1 Label:SM_Cube SpatiallyLoaded:1 Bounds:IsValid=true, Min=(X=0.000 Y=0.000 Z=-50.000), Max=(X=3000.000 Y=3500.000 Z=0.000) RuntimeGrid:None EditorOnly:0 RuntimeOnly:0 HLODRelevant:1 ListedInSceneOutliner:1 IsMainWorldOnly:0 FolderPath:Playground FolderGuid:C73F09FC4215536B1DCE2A9E0A830C70
 |   |   |- Guid:F32377EA49432742BA18439D99041383 BaseClass: NativeClass:/Script/Engine.PointLight Name:PointLight_UAID_4CCC6A4801F8E81B02_1966574879 Label:PointLight SpatiallyLoaded:1 Bounds:IsValid=true, Min=(X=1070.000 Y=50.000 Z=-980.000), Max=(X=3070.000 Y=2050.000 Z=1020.000) RuntimeGrid:None EditorOnly:0 RuntimeOnly:0 HLODRelevant:0 ListedInSceneOutliner:1 IsMainWorldOnly:0
 |   |   |- Guid:F5E3FEB3450C49844FD93DA8E083C8AD BaseClass: NativeClass:/Script/Engine.PostProcessVolume Name:PostProcessVolume_0 Label:PostProcessVolume SpatiallyLoaded:0 Bounds:IsValid=true, Min=(X=0.000 Y=0.000 Z=400.000), Max=(X=200.000 Y=200.000 Z=600.000) RuntimeGrid:None EditorOnly:0 RuntimeOnly:0 HLODRelevant:0 ListedInSceneOutliner:1 IsMainWorldOnly:0 FolderPath:Lighting FolderGuid:963EC3EB4002CCE9759E2EBA541A873A
 |   |   |- Guid:FB034B1342908CB0E4B085B85C83A66D BaseClass: NativeClass:/Script/Engine.StaticMeshActor Name:StaticMeshActor_UAID_4CCC6A4801F8E41B02_2106022151 Label:Cube4 SpatiallyLoaded:1 Bounds:IsValid=true, Min=(X=1600.000 Y=1080.000 Z=-30.000), Max=(X=1700.000 Y=1180.000 Z=70.000) RuntimeGrid:None EditorOnly:0 RuntimeOnly:0 HLODRelevant:1 ListedInSceneOutliner:1 IsMainWorldOnly:0
 |   |   |- Guid:FC2B876D46BD93534ACBE5A074EE3987 BaseClass: NativeClass:/Script/Engine.StaticMeshActor Name:StaticMeshActor_UAID_4CCC6A4801F8E51B02_2028132338 Label:Burta_lewa_3 SpatiallyLoaded:1 Bounds:IsValid=true, Min=(X=1590.000 Y=1320.000 Z=260.000), Max=(X=1990.000 Y=1340.000 Z=490.000) RuntimeGrid:None EditorOnly:0 RuntimeOnly:0 HLODRelevant:1 ListedInSceneOutliner:1 IsMainWorldOnly:0 FolderPath:Statek FolderGuid:14BDC4984442131003FD38A61D6A7A92
 |   |   |- Guid:FF698C67459ADB4982D7759C0905EE9F BaseClass: NativeClass:/Script/Engine.StaticMeshActor Name:StaticMeshActor_6 Label:SM_Cube3 SpatiallyLoaded:1 Bounds:IsValid=true, Min=(X=0.000 Y=3400.000 Z=0.000), Max=(X=3000.000 Y=3500.000 Z=400.000) RuntimeGrid:None EditorOnly:0 RuntimeOnly:0 HLODRelevant:1 ListedInSceneOutliner:1 IsMainWorldOnly:0 FolderPath:Playground FolderGuid:C73F09FC4215536B1DCE2A9E0A830C70
 |   |- [+] Clusters:
 |   |   |- [+] [  0]
 |   |   |   |- Guid:042D64464762B013597D50BCA140D5EF BaseClass: NativeClass:/Script/Engine.StaticMeshActor Name:StaticMeshActor_UAID_4CCC6A4801F8E41B02_2105649150 Label:Cube3 SpatiallyLoaded:1 Bounds:IsValid=true, Min=(X=1590.000 Y=1070.000 Z=-30.000), Max=(X=1690.000 Y=1170.000 Z=70.000) RuntimeGrid:None EditorOnly:0 RuntimeOnly:0 HLODRelevant:1 ListedInSceneOutliner:1 IsMainWorldOnly:0
 |   |   |- [+] [  1]
 |   |   |   |- Guid:0663FE4042C2F9EECF9B1DB6AE65D683 BaseClass: NativeClass:/Script/Engine.StaticMeshActor Name:StaticMeshActor_UAID_4CCC6A4801F8E21B02_1540245783 Label:Burta_dziobowa SpatiallyLoaded:1 Bounds:IsValid=true, Min=(X=1182.549 Y=757.812 Z=-3.420), Max=(X=1581.109 Y=1048.138 Z=238.343) RuntimeGrid:None EditorOnly:0 RuntimeOnly:0 HLODRelevant:1 ListedInSceneOutliner:1 IsMainWorldOnly:0 FolderPath:Statek FolderGuid:14BDC4984442131003FD38A61D6A7A92
 |   |   |- [+] [  2]
 |   |   |   |- Guid:175DD5EE4D9E6FBB140086A2F7787C9C BaseClass: NativeClass:/Script/Engine.StaticMeshActor Name:StaticMeshActor_UAID_4CCC6A4801F8E41B02_2107794156 Label:Cube9 SpatiallyLoaded:1 Bounds:IsValid=true, Min=(X=1590.000 Y=1150.000 Z=-30.000), Max=(X=1690.000 Y=1250.000 Z=70.000) RuntimeGrid:None EditorOnly:0 RuntimeOnly:0 HLODRelevant:1 ListedInSceneOutliner:1 IsMainWorldOnly:0
 |   |   |- [+] [  3]
 |   |   |   |- Guid:19A470314EDB43C227AA4ABDF740E605 BaseClass: NativeClass:/Script/Engine.StaticMeshActor Name:StaticMeshActor_UAID_4CCC6A4801F8E41B02_2108178157 Label:Cube10 SpatiallyLoaded:1 Bounds:IsValid=true, Min=(X=1660.000 Y=1150.000 Z=-30.000), Max=(X=1760.000 Y=1250.000 Z=70.000) RuntimeGrid:None EditorOnly:0 RuntimeOnly:0 HLODRelevant:1 ListedInSceneOutliner:1 IsMainWorldOnly:0
 |   |   |- [+] [  4]
 |   |   |   |- Guid:2FB58999456391D349DC0F86DAC136ED BaseClass: NativeClass:/Script/Engine.SkyLight Name:SkyLight_1 Label:SkyLight SpatiallyLoaded:0 Bounds:IsValid=true, Min=(X=0.000 Y=0.000 Z=690.000), Max=(X=0.000 Y=0.000 Z=690.000) RuntimeGrid:None EditorOnly:0 RuntimeOnly:0 HLODRelevant:0 ListedInSceneOutliner:1 IsMainWorldOnly:0 FolderPath:Lighting FolderGuid:963EC3EB4002CCE9759E2EBA541A873A
 |   |   |- [+] [  5]
 |   |   |   |- Guid:316CF2A6494ACA4C0E4180A87D36AB8F BaseClass: NativeClass:/Script/Engine.ExponentialHeightFog Name:ExponentialHeightFog_0 Label:ExponentialHeightFog SpatiallyLoaded:0 Bounds:IsValid=true, Min=(X=-5600.000 Y=-50.000 Z=-6850.000), Max=(X=-5600.000 Y=-50.000 Z=-6850.000) RuntimeGrid:None EditorOnly:0 RuntimeOnly:0 HLODRelevant:0 ListedInSceneOutliner:1 IsMainWorldOnly:0 FolderPath:Lighting FolderGuid:963EC3EB4002CCE9759E2EBA541A873A
 |   |   |- [+] [  6]
 |   |   |   |- Guid:37390548417F83FD7049F486EBF0912D BaseClass: NativeClass:/Script/Engine.StaticMeshActor Name:StaticMeshActor_UAID_4CCC6A4801F8E81B02_1844840878 Label:Podpok?ad_2 SpatiallyLoaded:1 Bounds:IsValid=true, Min=(X=1045.000 Y=733.500 Z=467.500), Max=(X=1595.000 Y=1358.500 Z=492.500) RuntimeGrid:None EditorOnly:0 RuntimeOnly:0 HLODRelevant:1 ListedInSceneOutliner:1 IsMainWorldOnly:0 FolderPath:Statek FolderGuid:14BDC4984442131003FD38A61D6A7A92
 |   |   |- [+] [  7]
 |   |   |   |- Guid:383AA03D499240EDBD4C17A272E0406A BaseClass: NativeClass:/Script/Engine.StaticMeshActor Name:StaticMeshActor_UAID_4CCC6A4801F8E61B02_1564821521 Label:Boolean SpatiallyLoaded:1 Bounds:IsValid=true, Min=(X=1550.000 Y=740.000 Z=240.000), Max=(X=2550.000 Y=1340.000 Z=260.000) RuntimeGrid:None EditorOnly:0 RuntimeOnly:0 HLODRelevant:1 ListedInSceneOutliner:1 IsMainWorldOnly:0
 |   |   |- [+] [  8]
 |   |   |   |- Guid:39319C234DAACFE9334BBEB631B25F54 BaseClass: NativeClass:/Script/Engine.StaticMeshActor Name:StaticMeshActor_UAID_4CCC6A4801F8E61B02_1170117517 Label:Burta_lewa_6 SpatiallyLoaded:1 Bounds:IsValid=true, Min=(X=1990.000 Y=1320.000 Z=260.000), Max=(X=2550.000 Y=1340.000 Z=490.000) RuntimeGrid:None EditorOnly:0 RuntimeOnly:0 HLODRelevant:1 ListedInSceneOutliner:1 IsMainWorldOnly:0 FolderPath:Statek FolderGuid:14BDC4984442131003FD38A61D6A7A92
 |   |   |- [+] [  9]
 |   |   |   |- Guid:39D8F8CD400EBAA2DDFC72B1CBCCDE4D BaseClass: NativeClass:/Script/Engine.StaticMeshActor Name:StaticMeshActor_UAID_4CCC6A4801F8E31B02_1276925963 Label:Burta_prawa_2 SpatiallyLoaded:1 Bounds:IsValid=true, Min=(X=1980.000 Y=1240.603 Z=-3.420), Max=(X=2540.000 Y=1344.902 Z=238.343) RuntimeGrid:None EditorOnly:0 RuntimeOnly:0 HLODRelevant:1 ListedInSceneOutliner:1 IsMainWorldOnly:0 FolderPath:Statek FolderGuid:14BDC4984442131003FD38A61D6A7A92
 |   |   |- [+] [ 10]
 |   |   |   |- Guid:3A00AA1C422CE54C0BDB60BAF471BFBB BaseClass: NativeClass:/Script/Engine.PlayerStart Name:PlayerStart_0 Label:PlayerStart SpatiallyLoaded:0 Bounds:IsValid=true, Min=(X=1240.000 Y=1300.000 Z=0.013), Max=(X=1320.000 Y=1380.000 Z=184.013) RuntimeGrid:None EditorOnly:0 RuntimeOnly:0 HLODRelevant:0 ListedInSceneOutliner:1 IsMainWorldOnly:0
 |   |   |- [+] [ 11]
 |   |   |   |- Guid:43815E84492231AFC407F59E3C28176B BaseClass: NativeClass:/Script/Engine.StaticMeshActor Name:StaticMeshActor_4 Label:SM_Cube6 SpatiallyLoaded:1 Bounds:IsValid=true, Min=(X=2900.000 Y=100.000 Z=0.000), Max=(X=3000.000 Y=3400.000 Z=400.000) RuntimeGrid:None EditorOnly:0 RuntimeOnly:0 HLODRelevant:1 ListedInSceneOutliner:1 IsMainWorldOnly:0 FolderPath:Playground FolderGuid:C73F09FC4215536B1DCE2A9E0A830C70
 |   |   |- [+] [ 12]
 |   |   |   |- Guid:447625984137A9C5F8EBC8AEF18A6BFA BaseClass: NativeClass:/Script/Engine.StaticMeshActor Name:StaticMeshActor_UAID_4CCC6A4801F8E41B02_2107102154 Label:Cube7 SpatiallyLoaded:1 Bounds:IsValid=true, Min=(X=1660.000 Y=1135.000 Z=40.000), Max=(X=1760.000 Y=1285.000 Z=140.000) RuntimeGrid:None EditorOnly:0 RuntimeOnly:0 HLODRelevant:1 ListedInSceneOutliner:1 IsMainWorldOnly:0
 |   |   |- [+] [ 13]
 |   |   |   |- Guid:46A76C6646B87F043F7D9A8075604B1E BaseClass: NativeClass:/Script/Engine.StaticMeshActor Name:StaticMeshActor_UAID_4CCC6A4801F8E21B02_2129079786 Label:Burta_lewa_1 SpatiallyLoaded:1 Bounds:IsValid=true, Min=(X=1580.000 Y=745.098 Z=-3.420), Max=(X=1980.000 Y=849.397 Z=238.343) RuntimeGrid:None EditorOnly:0 RuntimeOnly:0 HLODRelevant:1 ListedInSceneOutliner:1 IsMainWorldOnly:0 FolderPath:Statek FolderGuid:14BDC4984442131003FD38A61D6A7A92
 |   |   |- [+] [ 14]
 |   |   |   |- Guid:4D3BE93F4146AAAC8BBE79999D96D57F BaseClass: NativeClass:/Script/Engine.VolumetricCloud Name:VolumetricCloud_0 Label:VolumetricCloud SpatiallyLoaded:0 Bounds:IsValid=true, Min=(X=0.000 Y=0.000 Z=820.000), Max=(X=0.000 Y=0.000 Z=820.000) RuntimeGrid:None EditorOnly:0 RuntimeOnly:0 HLODRelevant:0 ListedInSceneOutliner:1 IsMainWorldOnly:0 FolderPath:Lighting FolderGuid:963EC3EB4002CCE9759E2EBA541A873A
 |   |   |- [+] [ 15]
 |   |   |   |- Guid:53BE9C344D554F8FD89722A4087124F9 BaseClass: NativeClass:/Script/Engine.StaticMeshActor Name:StaticMeshActor_UAID_4CCC6A4801F8E41B02_2106431152 Label:Cube5 SpatiallyLoaded:1 Bounds:IsValid=true, Min=(X=1710.000 Y=1030.000 Z=-30.000), Max=(X=1810.000 Y=1130.000 Z=70.000) RuntimeGrid:None EditorOnly:0 RuntimeOnly:0 HLODRelevant:1 ListedInSceneOutliner:1 IsMainWorldOnly:0
 |   |   |- [+] [ 16]
 |   |   |   |- Guid:5B97F4A64FB21F77EFC44386BF705B4C BaseClass: NativeClass:/Script/Engine.TextRenderActor Name:TextRenderActor_1 Label:TextRenderActor SpatiallyLoaded:1 Bounds:IsValid=true, Min=(X=-0.100 Y=1100.000 Z=65.013), Max=(X=-0.100 Y=2392.308 Z=215.013) RuntimeGrid:None EditorOnly:0 RuntimeOnly:0 HLODRelevant:0 ListedInSceneOutliner:1 IsMainWorldOnly:0
 |   |   |- [+] [ 17]
 |   |   |   |- Guid:5FEE4C5B43B39978B93176A3F4D13302 BaseClass: NativeClass:/Script/Engine.StaticMeshActor Name:StaticMeshActor_UAID_4CCC6A4801F8E41B02_1357752147 Label:Dziurawa burta SpatiallyLoaded:1 Bounds:IsValid=true, Min=(X=1186.139 Y=1041.862 Z=-3.420), Max=(X=1584.698 Y=1332.187 Z=238.343) RuntimeGrid:None EditorOnly:0 RuntimeOnly:0 HLODRelevant:1 ListedInSceneOutliner:1 IsMainWorldOnly:0 FolderPath:Statek FolderGuid:14BDC4984442131003FD38A61D6A7A92
 |   |   |- [+] [ 18]
 |   |   |   |- Guid:618B069246021C768177829F1C0B6F19 BaseClass: NativeClass:/Script/Engine.StaticMeshActor Name:StaticMeshActor_UAID_4CCC6A4801F8E61B02_1288873519 Label:Cube11 SpatiallyLoaded:1 Bounds:IsValid=true, Min=(X=1980.000 Y=840.000 Z=-7.500), Max=(X=2080.000 Y=940.000 Z=167.500) RuntimeGrid:None EditorOnly:0 RuntimeOnly:0 HLODRelevant:1 ListedInSceneOutliner:1 IsMainWorldOnly:0
 |   |   |- [+] [ 19]
 |   |   |   |- Guid:694036FB497446E0F8AD08B85EC3B305 BaseClass: NativeClass:/Script/Engine.StaticMeshActor Name:StaticMeshActor_UAID_4CCC6A4801F8E91B02_1501187060 Label:Burta_lewa_8 SpatiallyLoaded:1 Bounds:IsValid=true, Min=(X=2550.000 Y=540.000 Z=-60.000), Max=(X=2570.000 Y=1500.000 Z=500.000) RuntimeGrid:None EditorOnly:0 RuntimeOnly:0 HLODRelevant:1 ListedInSceneOutliner:1 IsMainWorldOnly:0 FolderPath:Statek FolderGuid:14BDC4984442131003FD38A61D6A7A92
 |   |   |- [+] [ 20]
 |   |   |   |- Guid:6AD4CADB40A6E51873F921BDEBEC0A74 BaseClass: NativeClass:/Script/Engine.StaticMeshActor Name:StaticMeshActor_UAID_4CCC6A4801F8E91B02_1121188057 Label:Burta_lewa_9 SpatiallyLoaded:1 Bounds:IsValid=true, Min=(X=1055.000 Y=731.340 Z=260.000), Max=(X=1584.615 Y=1048.660 Z=480.000) RuntimeGrid:None EditorOnly:0 RuntimeOnly:0 HLODRelevant:1 ListedInSceneOutliner:1 IsMainWorldOnly:0 FolderPath:Statek FolderGuid:14BDC4984442131003FD38A61D6A7A92
 |   |   |- [+] [ 21]
 |   |   |   |- Guid:6AFE29C744D42FC9224AA28827C147A4 BaseClass: NativeClass:/Script/Engine.StaticMeshActor Name:StaticMeshActor_UAID_4CCC6A4801F8E91B02_1441054059 Label:Cube14 SpatiallyLoaded:1 Bounds:IsValid=true, Min=(X=2250.000 Y=1000.000 Z=-62.500), Max=(X=2350.000 Y=1100.000 Z=62.500) RuntimeGrid:None EditorOnly:0 RuntimeOnly:0 HLODRelevant:1 ListedInSceneOutliner:1 IsMainWorldOnly:0
 |   |   |- [+] [ 22]
 |   |   |   |- Guid:6BAF4DDD444C60371492D3919DB42C97 BaseClass: NativeClass:/Script/Engine.WorldDataLayers Name:WorldDataLayers Label:WorldDataLayers SpatiallyLoaded:0 Bounds:IsValid=true, Min=(X=0.000 Y=0.000 Z=0.000), Max=(X=0.000 Y=0.000 Z=0.000) RuntimeGrid:None EditorOnly:0 RuntimeOnly:0 HLODRelevant:0 ListedInSceneOutliner:1 IsMainWorldOnly:1
 |   |   |- [+] [ 23]
 |   |   |   |- Guid:7659F99E42E7101B94B56DA5E6CFAC45 BaseClass: NativeClass:/Script/Engine.StaticMeshActor Name:StaticMeshActor_UAID_4CCC6A4801F8E41B02_2107458155 Label:Cube8 SpatiallyLoaded:1 Bounds:IsValid=true, Min=(X=1750.000 Y=1150.000 Z=-10.000), Max=(X=1850.000 Y=1250.000 Z=90.000) RuntimeGrid:None EditorOnly:0 RuntimeOnly:0 HLODRelevant:1 ListedInSceneOutliner:1 IsMainWorldOnly:0
 |   |   |- [+] [ 24]
 |   |   |   |- Guid:A56216954B2165CF0F35A886B537D536 BaseClass: NativeClass:/Script/Engine.StaticMeshActor Name:StaticMeshActor_0 Label:SM_Cube5 SpatiallyLoaded:1 Bounds:IsValid=true, Min=(X=-0.000 Y=100.000 Z=0.000), Max=(X=100.000 Y=3400.000 Z=400.000) RuntimeGrid:None EditorOnly:0 RuntimeOnly:0 HLODRelevant:1 ListedInSceneOutliner:1 IsMainWorldOnly:0 FolderPath:Playground FolderGuid:C73F09FC4215536B1DCE2A9E0A830C70
 |   |   |- [+] [ 25]
 |   |   |   |- Guid:ACFED14A40A373D7949297969458DA88 BaseClass: NativeClass:/Script/Engine.StaticMeshActor Name:StaticMeshActor_UAID_4CCC6A4801F8E41B02_2105273149 Label:Cube2 SpatiallyLoaded:1 Bounds:IsValid=true, Min=(X=1650.000 Y=1050.000 Z=-30.000), Max=(X=1750.000 Y=1150.000 Z=70.000) RuntimeGrid:None EditorOnly:0 RuntimeOnly:0 HLODRelevant:1 ListedInSceneOutliner:1 IsMainWorldOnly:0
 |   |   |- [+] [ 26]
 |   |   |   |- Guid:B0651F774F5740416C7A0B972FE85CC8 BaseClass: NativeClass:/Script/Engine.StaticMeshActor Name:StaticMeshActor_UAID_4CCC6A4801F8E61B02_1684768522 Label:Cube12 SpatiallyLoaded:1 Bounds:IsValid=true, Min=(X=2290.000 Y=1000.000 Z=-27.500), Max=(X=2390.000 Y=1100.000 Z=147.500) RuntimeGrid:None EditorOnly:0 RuntimeOnly:0 HLODRelevant:1 ListedInSceneOutliner:1 IsMainWorldOnly:0
 |   |   |- [+] [ 27]
 |   |   |   |- Guid:B785ED2844B84CFB91E7F39FE661CD99 BaseClass: NativeClass:/Script/Engine.DirectionalLight Name:DirectionalLight_0 Label:DirectionalLight SpatiallyLoaded:0 Bounds:IsValid=true, Min=(X=-1048576.000 Y=-1048576.000 Z=-1048576.000), Max=(X=1048576.000 Y=1048576.000 Z=1048576.000) RuntimeGrid:None EditorOnly:0 RuntimeOnly:0 HLODRelevant:0 ListedInSceneOutliner:1 IsMainWorldOnly:0 FolderPath:Lighting FolderGuid:963EC3EB4002CCE9759E2EBA541A873A
 |   |   |- [+] [ 28]
 |   |   |   |- Guid:BC08B79C4EA3C961CFF75EBBE83B367D BaseClass: NativeClass:/Script/Engine.StaticMeshActor Name:StaticMeshActor_5 Label:SM_Cube2 SpatiallyLoaded:1 Bounds:IsValid=true, Min=(X=0.000 Y=0.000 Z=0.000), Max=(X=3000.000 Y=100.000 Z=400.000) RuntimeGrid:None EditorOnly:0 RuntimeOnly:0 HLODRelevant:1 ListedInSceneOutliner:1 IsMainWorldOnly:0 FolderPath:Playground FolderGuid:C73F09FC4215536B1DCE2A9E0A830C70
 |   |   |- [+] [ 29]
 |   |   |   |- Guid:C43319EA46482CF086830AA318BD9D83 BaseClass: NativeClass:/Script/Engine.StaticMeshActor Name:StaticMeshActor_UAID_4CCC6A4801F8E61B02_1142943515 Label:Burta_lewa_4 SpatiallyLoaded:1 Bounds:IsValid=true, Min=(X=1590.000 Y=740.000 Z=260.000), Max=(X=1990.000 Y=760.000 Z=490.000) RuntimeGrid:None EditorOnly:0 RuntimeOnly:0 HLODRelevant:1 ListedInSceneOutliner:1 IsMainWorldOnly:0 FolderPath:Statek FolderGuid:14BDC4984442131003FD38A61D6A7A92
 |   |   |- [+] [ 30]
 |   |   |   |- Guid:C95164AE4F0B58C9812EBC907EFB8D59 BaseClass: NativeClass:/Script/Engine.StaticMeshActor Name:StaticMeshActor_UAID_4CCC6A4801F8E81B02_1499951875 Label:Cube13 SpatiallyLoaded:1 Bounds:IsValid=true, Min=(X=2270.000 Y=1000.000 Z=-22.500), Max=(X=2370.000 Y=1100.000 Z=102.500) RuntimeGrid:None EditorOnly:0 RuntimeOnly:0 HLODRelevant:1 ListedInSceneOutliner:1 IsMainWorldOnly:0
 |   |   |- [+] [ 31]
 |   |   |   |- Guid:CCFF262C46EEFFDF319E7F9539CE697E BaseClass: NativeClass:/Script/Engine.SkyAtmosphere Name:SkyAtmosphere_0 Label:SkyAtmosphere SpatiallyLoaded:0 Bounds:IsValid=true, Min=(X=0.000 Y=0.000 Z=1020.000), Max=(X=0.000 Y=0.000 Z=1020.000) RuntimeGrid:None EditorOnly:0 RuntimeOnly:0 HLODRelevant:0 ListedInSceneOutliner:1 IsMainWorldOnly:0 FolderPath:Lighting FolderGuid:963EC3EB4002CCE9759E2EBA541A873A
 |   |   |- [+] [ 32]
 |   |   |   |- Guid:D3058EEB41447B0D0FA80C8DD22BC825 BaseClass: NativeClass:/Script/Engine.StaticMeshActor Name:StaticMeshActor_UAID_4CCC6A4801F8E61B02_1156961516 Label:Burta_lewa_5 SpatiallyLoaded:1 Bounds:IsValid=true, Min=(X=1990.000 Y=740.000 Z=260.000), Max=(X=2550.000 Y=760.000 Z=490.000) RuntimeGrid:None EditorOnly:0 RuntimeOnly:0 HLODRelevant:1 ListedInSceneOutliner:1 IsMainWorldOnly:0 FolderPath:Statek FolderGuid:14BDC4984442131003FD38A61D6A7A92
 |   |   |- [+] [ 33]
 |   |   |   |- Guid:D57490D144207164C65DF18B2FE433EE BaseClass: NativeClass:/Script/Engine.StaticMeshActor Name:StaticMeshActor_UAID_4CCC6A4801F8E91B02_1269301058 Label:Burta_lewa_10 SpatiallyLoaded:1 Bounds:IsValid=true, Min=(X=1055.000 Y=1041.340 Z=260.000), Max=(X=1584.615 Y=1358.660 Z=480.000) RuntimeGrid:None EditorOnly:0 RuntimeOnly:0 HLODRelevant:1 ListedInSceneOutliner:1 IsMainWorldOnly:0 FolderPath:Statek FolderGuid:14BDC4984442131003FD38A61D6A7A92
 |   |   |- [+] [ 34]
 |   |   |   |- Guid:DBD8EC064E19AAFC5A94769FAF6D0B0C BaseClass: NativeClass:/Script/Engine.StaticMeshActor Name:StaticMeshActor_UAID_4CCC6A4801F8E41B02_2106747153 Label:Cube6 SpatiallyLoaded:1 Bounds:IsValid=true, Min=(X=1740.000 Y=1100.000 Z=-30.000), Max=(X=1840.000 Y=1200.000 Z=70.000) RuntimeGrid:None EditorOnly:0 RuntimeOnly:0 HLODRelevant:1 ListedInSceneOutliner:1 IsMainWorldOnly:0
 |   |   |- [+] [ 35]
 |   |   |   |- Guid:DD6D7AC7447E37A8FEF06BA7A55DA06E BaseClass: NativeClass:/Script/Engine.StaticMeshActor Name:StaticMeshActor_UAID_4CCC6A4801F8E31B02_1453863965 Label:Podpok?ad_1 SpatiallyLoaded:1 Bounds:IsValid=true, Min=(X=1035.000 Y=733.500 Z=237.500), Max=(X=1585.000 Y=1358.500 Z=262.500) RuntimeGrid:None EditorOnly:0 RuntimeOnly:0 HLODRelevant:1 ListedInSceneOutliner:1 IsMainWorldOnly:0 FolderPath:Statek FolderGuid:14BDC4984442131003FD38A61D6A7A92
 |   |   |- [+] [ 36]
 |   |   |   |- Guid:DF52A4BD4302169F5C360EBCA4436498 BaseClass: NativeClass:/Script/Engine.StaticMeshActor Name:StaticMeshActor_UAID_4CCC6A4801F8E81B02_1728357877 Label:Burta_lewa_7 SpatiallyLoaded:1 Bounds:IsValid=true, Min=(X=1590.000 Y=760.000 Z=470.000), Max=(X=2550.000 Y=1320.000 Z=490.000) RuntimeGrid:None EditorOnly:0 RuntimeOnly:0 HLODRelevant:1 ListedInSceneOutliner:1 IsMainWorldOnly:0 FolderPath:Statek FolderGuid:14BDC4984442131003FD38A61D6A7A92
 |   |   |- [+] [ 37]
 |   |   |   |- Guid:E2DC0E7044DF7E097B4E5DB649885CC4 BaseClass: NativeClass:/Script/Engine.StaticMeshActor Name:StaticMeshActor_UAID_4CCC6A4801F8E31B02_1296855964 Label:Burta_lewa_2 SpatiallyLoaded:1 Bounds:IsValid=true, Min=(X=1980.000 Y=745.098 Z=-3.420), Max=(X=2540.000 Y=849.397 Z=238.343) RuntimeGrid:None EditorOnly:0 RuntimeOnly:0 HLODRelevant:1 ListedInSceneOutliner:1 IsMainWorldOnly:0 FolderPath:Statek FolderGuid:14BDC4984442131003FD38A61D6A7A92
 |   |   |- [+] [ 38]
 |   |   |   |- Guid:E81C3235495292FC6ECE3691452D86BF BaseClass: NativeClass:/Script/Engine.StaticMeshActor Name:StaticMeshActor_UAID_4CCC6A4801F8E41B02_1685527148 Label:Cube SpatiallyLoaded:1 Bounds:IsValid=true, Min=(X=1670.000 Y=982.500 Z=-2.500), Max=(X=1770.000 Y=1057.500 Z=122.500) RuntimeGrid:None EditorOnly:0 RuntimeOnly:0 HLODRelevant:1 ListedInSceneOutliner:1 IsMainWorldOnly:0
 |   |   |- [+] [ 39]
 |   |   |   |- Guid:EACA47E04EEB36DB22A1319AFB141D27 BaseClass: NativeClass:/Script/Engine.StaticMeshActor Name:StaticMeshActor_UAID_4CCC6A4801F8E21B02_2014881785 Label:Burta_prawa_1 SpatiallyLoaded:1 Bounds:IsValid=true, Min=(X=1580.000 Y=1240.603 Z=-3.420), Max=(X=1980.000 Y=1344.902 Z=238.343) RuntimeGrid:None EditorOnly:0 RuntimeOnly:0 HLODRelevant:1 ListedInSceneOutliner:1 IsMainWorldOnly:0 FolderPath:Statek FolderGuid:14BDC4984442131003FD38A61D6A7A92
 |   |   |- [+] [ 40]
 |   |   |   |- Guid:EC4E0C944CE6AC6E784BC6BB2916EA13 BaseClass: NativeClass:/Script/Engine.StaticMeshActor Name:StaticMeshActor_UAID_A4AE111137DC5EFB00_1110535423 Label:SM_SkySphere SpatiallyLoaded:0 Bounds:IsValid=true, Min=(X=-1638400.000 Y=-1638400.000 Z=-1638400.000), Max=(X=1638400.000 Y=1638400.000 Z=1638400.000) RuntimeGrid:None EditorOnly:0 RuntimeOnly:0 HLODRelevant:1 ListedInSceneOutliner:1 IsMainWorldOnly:0 FolderPath:Lighting FolderGuid:963EC3EB4002CCE9759E2EBA541A873A
 |   |   |- [+] [ 41]
 |   |   |   |- Guid:F1924B8D48954B30891B2DB6A694F9CC BaseClass: NativeClass:/Script/Engine.StaticMeshActor Name:StaticMeshActor_1 Label:SM_Cube SpatiallyLoaded:1 Bounds:IsValid=true, Min=(X=0.000 Y=0.000 Z=-50.000), Max=(X=3000.000 Y=3500.000 Z=0.000) RuntimeGrid:None EditorOnly:0 RuntimeOnly:0 HLODRelevant:1 ListedInSceneOutliner:1 IsMainWorldOnly:0 FolderPath:Playground FolderGuid:C73F09FC4215536B1DCE2A9E0A830C70
 |   |   |- [+] [ 42]
 |   |   |   |- Guid:F32377EA49432742BA18439D99041383 BaseClass: NativeClass:/Script/Engine.PointLight Name:PointLight_UAID_4CCC6A4801F8E81B02_1966574879 Label:PointLight SpatiallyLoaded:1 Bounds:IsValid=true, Min=(X=1070.000 Y=50.000 Z=-980.000), Max=(X=3070.000 Y=2050.000 Z=1020.000) RuntimeGrid:None EditorOnly:0 RuntimeOnly:0 HLODRelevant:0 ListedInSceneOutliner:1 IsMainWorldOnly:0
 |   |   |- [+] [ 43]
 |   |   |   |- Guid:F5E3FEB3450C49844FD93DA8E083C8AD BaseClass: NativeClass:/Script/Engine.PostProcessVolume Name:PostProcessVolume_0 Label:PostProcessVolume SpatiallyLoaded:0 Bounds:IsValid=true, Min=(X=0.000 Y=0.000 Z=400.000), Max=(X=200.000 Y=200.000 Z=600.000) RuntimeGrid:None EditorOnly:0 RuntimeOnly:0 HLODRelevant:0 ListedInSceneOutliner:1 IsMainWorldOnly:0 FolderPath:Lighting FolderGuid:963EC3EB4002CCE9759E2EBA541A873A
 |   |   |- [+] [ 44]
 |   |   |   |- Guid:FB034B1342908CB0E4B085B85C83A66D BaseClass: NativeClass:/Script/Engine.StaticMeshActor Name:StaticMeshActor_UAID_4CCC6A4801F8E41B02_2106022151 Label:Cube4 SpatiallyLoaded:1 Bounds:IsValid=true, Min=(X=1600.000 Y=1080.000 Z=-30.000), Max=(X=1700.000 Y=1180.000 Z=70.000) RuntimeGrid:None EditorOnly:0 RuntimeOnly:0 HLODRelevant:1 ListedInSceneOutliner:1 IsMainWorldOnly:0
 |   |   |- [+] [ 45]
 |   |   |   |- Guid:FC2B876D46BD93534ACBE5A074EE3987 BaseClass: NativeClass:/Script/Engine.StaticMeshActor Name:StaticMeshActor_UAID_4CCC6A4801F8E51B02_2028132338 Label:Burta_lewa_3 SpatiallyLoaded:1 Bounds:IsValid=true, Min=(X=1590.000 Y=1320.000 Z=260.000), Max=(X=1990.000 Y=1340.000 Z=490.000) RuntimeGrid:None EditorOnly:0 RuntimeOnly:0 HLODRelevant:1 ListedInSceneOutliner:1 IsMainWorldOnly:0 FolderPath:Statek FolderGuid:14BDC4984442131003FD38A61D6A7A92
 |   |   |- [+] [ 46]
 |   |   |   |- Guid:FF698C67459ADB4982D7759C0905EE9F BaseClass: NativeClass:/Script/Engine.StaticMeshActor Name:StaticMeshActor_6 Label:SM_Cube3 SpatiallyLoaded:1 Bounds:IsValid=true, Min=(X=0.000 Y=3400.000 Z=0.000), Max=(X=3000.000 Y=3500.000 Z=400.000) RuntimeGrid:None EditorOnly:0 RuntimeOnly:0 HLODRelevant:1 ListedInSceneOutliner:1 IsMainWorldOnly:0 FolderPath:Playground FolderGuid:C73F09FC4215536B1DCE2A9E0A830C70
 |- ContainerInstances:
 |- [+] MainContainer:
 |   |-        ID: 00000000000000000000000000000000
 |   |-  ParentID: 00000000000000000000000000000000
 |   |-    Bounds: IsValid=false, Min=(X=0.000 Y=0.000 Z=0.000), Max=(X=0.000 Y=0.000 Z=0.000)
 |   |- Transform: 0.000000,0.000000,0.000000|0.000000,0.000000,-0.000000|1.000000,1.000000,1.000000
 |   |- Container: /Game/ThirdPerson/Maps/ThirdPersonMap
----------------------------------------------------------------------------------------------------------------
ThirdPersonMap - Persistent Level
----------------------------------------------------------------------------------------------------------------
[+] Content of ThirdPersonMap Persistent Level
 |- Always loaded Actor Count: 47 
 |- Actor Path: /Game/ThirdPerson/Maps/ThirdPersonMap.ThirdPersonMap:PersistentLevel.DirectionalLight_0
 |- Actor Package: /Game/__ExternalActors__/ThirdPerson/Maps/ThirdPersonMap/5/R1/TS5OQ5CRUWFZYL1ZQ7I416
 |- Actor Path: /Game/ThirdPerson/Maps/ThirdPersonMap.ThirdPersonMap:PersistentLevel.ExponentialHeightFog_0
 |- Actor Package: /Game/__ExternalActors__/ThirdPerson/Maps/ThirdPersonMap/6/J7/N10XDC9G27EMLS5AGZ6AVV
 |- Actor Path: /Game/ThirdPerson/Maps/ThirdPersonMap.ThirdPersonMap:PersistentLevel.PlayerStart_0
 |- Actor Package: /Game/__ExternalActors__/ThirdPerson/Maps/ThirdPersonMap/D/DE/SWSI13675DVYIZ0N4NF7Y3
 |- Actor Path: /Game/ThirdPerson/Maps/ThirdPersonMap.ThirdPersonMap:PersistentLevel.PointLight_UAID_4CCC6A4801F8E81B02_1966574879
 |- Actor Package: /Game/__ExternalActors__/ThirdPerson/Maps/ThirdPersonMap/2/LC/Q14SBPG3FB93DFYLR2RQ35
 |- Actor Path: /Game/ThirdPerson/Maps/ThirdPersonMap.ThirdPersonMap:PersistentLevel.PostProcessVolume_0
 |- Actor Package: /Game/__ExternalActors__/ThirdPerson/Maps/ThirdPersonMap/1/AZ/A7GPT109Y6ZTTJD4A7TXER
 |- Actor Path: /Game/ThirdPerson/Maps/ThirdPersonMap.ThirdPersonMap:PersistentLevel.SkyAtmosphere_0
 |- Actor Package: /Game/__ExternalActors__/ThirdPerson/Maps/ThirdPersonMap/4/LN/30UBDLYFFA5ZR7U4W4L4GG
 |- Actor Path: /Game/ThirdPerson/Maps/ThirdPersonMap.ThirdPersonMap:PersistentLevel.SkyLight_1
 |- Actor Package: /Game/__ExternalActors__/ThirdPerson/Maps/ThirdPersonMap/8/S1/DXUWD12MD3HRWVVXX076BY
 |- Actor Path: /Game/ThirdPerson/Maps/ThirdPersonMap.ThirdPersonMap:PersistentLevel.StaticMeshActor_0
 |- Actor Package: /Game/__ExternalActors__/ThirdPerson/Maps/ThirdPersonMap/A/MS/MRHJREJ6H7USQYWF1KO8F6
 |- Actor Path: /Game/ThirdPerson/Maps/ThirdPersonMap.ThirdPersonMap:PersistentLevel.StaticMeshActor_1
 |- Actor Package: /Game/__ExternalActors__/ThirdPerson/Maps/ThirdPersonMap/6/YO/NG2R9BPZVA7ZDN0Z4VSTG6
 |- Actor Path: /Game/ThirdPerson/Maps/ThirdPersonMap.ThirdPersonMap:PersistentLevel.StaticMeshActor_4
 |- Actor Package: /Game/__ExternalActors__/ThirdPerson/Maps/ThirdPersonMap/5/9Q/U98KGKQ41NJYFOGFQM8ZDY
 |- Actor Path: /Game/ThirdPerson/Maps/ThirdPersonMap.ThirdPersonMap:PersistentLevel.StaticMeshActor_5
 |- Actor Package: /Game/__ExternalActors__/ThirdPerson/Maps/ThirdPersonMap/C/QF/BY1DA5CRGQSAMOTK8RA8KR
 |- Actor Path: /Game/ThirdPerson/Maps/ThirdPersonMap.ThirdPersonMap:PersistentLevel.StaticMeshActor_6
 |- Actor Package: /Game/__ExternalActors__/ThirdPerson/Maps/ThirdPersonMap/D/0G/JNKFA4X9LRMSF343ESPF6Q
 |- Actor Path: /Game/ThirdPerson/Maps/ThirdPersonMap.ThirdPersonMap:PersistentLevel.StaticMeshActor_UAID_4CCC6A4801F8E21B02_1540245783
 |- Actor Package: /Game/__ExternalActors__/ThirdPerson/Maps/ThirdPersonMap/E/VP/WGKAYK2NUKRFZRFA3SP8ND
 |- Actor Path: /Game/ThirdPerson/Maps/ThirdPersonMap.ThirdPersonMap:PersistentLevel.StaticMeshActor_UAID_4CCC6A4801F8E21B02_2014881785
 |- Actor Package: /Game/__ExternalActors__/ThirdPerson/Maps/ThirdPersonMap/D/3S/LH8K7OIB5IVPKWN401IGTX
 |- Actor Path: /Game/ThirdPerson/Maps/ThirdPersonMap.ThirdPersonMap:PersistentLevel.StaticMeshActor_UAID_4CCC6A4801F8E21B02_2129079786
 |- Actor Package: /Game/__ExternalActors__/ThirdPerson/Maps/ThirdPersonMap/A/N2/14VMBDFXWMYQ3NRJN05A4O
 |- Actor Path: /Game/ThirdPerson/Maps/ThirdPersonMap.ThirdPersonMap:PersistentLevel.StaticMeshActor_UAID_4CCC6A4801F8E31B02_1276925963
 |- Actor Package: /Game/__ExternalActors__/ThirdPerson/Maps/ThirdPersonMap/5/8Z/GUZ6GWD05YDUQVYQ12X66E
 |- Actor Path: /Game/ThirdPerson/Maps/ThirdPersonMap.ThirdPersonMap:PersistentLevel.StaticMeshActor_UAID_4CCC6A4801F8E31B02_1296855964
 |- Actor Package: /Game/__ExternalActors__/ThirdPerson/Maps/ThirdPersonMap/3/QQ/SEZ7D4DPZB41PHN1HDDU6C
 |- Actor Path: /Game/ThirdPerson/Maps/ThirdPersonMap.ThirdPersonMap:PersistentLevel.StaticMeshActor_UAID_4CCC6A4801F8E31B02_1453863965
 |- Actor Package: /Game/__ExternalActors__/ThirdPerson/Maps/ThirdPersonMap/4/DX/77B4KNNVOZ4UCMVYWCYLUX
 |- Actor Path: /Game/ThirdPerson/Maps/ThirdPersonMap.ThirdPersonMap:PersistentLevel.StaticMeshActor_UAID_4CCC6A4801F8E41B02_1357752147
 |- Actor Package: /Game/__ExternalActors__/ThirdPerson/Maps/ThirdPersonMap/3/NB/KY3TIGMD35431BCEJVV5TA
 |- Actor Path: /Game/ThirdPerson/Maps/ThirdPersonMap.ThirdPersonMap:PersistentLevel.StaticMeshActor_UAID_4CCC6A4801F8E41B02_1685527148
 |- Actor Package: /Game/__ExternalActors__/ThirdPerson/Maps/ThirdPersonMap/E/IG/4Q4KJN4NL7SGYU0SC74M53
 |- Actor Path: /Game/ThirdPerson/Maps/ThirdPersonMap.ThirdPersonMap:PersistentLevel.StaticMeshActor_UAID_4CCC6A4801F8E41B02_2105273149
 |- Actor Package: /Game/__ExternalActors__/ThirdPerson/Maps/ThirdPersonMap/4/X2/L5Z5UJLGP4XDC9Y2GCWZBS
 |- Actor Path: /Game/ThirdPerson/Maps/ThirdPersonMap.ThirdPersonMap:PersistentLevel.StaticMeshActor_UAID_4CCC6A4801F8E41B02_2105649150
 |- Actor Package: /Game/__ExternalActors__/ThirdPerson/Maps/ThirdPersonMap/B/9T/GFOLE40X8BV83ICTZ90ZYV
 |- Actor Path: /Game/ThirdPerson/Maps/ThirdPersonMap.ThirdPersonMap:PersistentLevel.StaticMeshActor_UAID_4CCC6A4801F8E41B02_2106022151
 |- Actor Package: /Game/__ExternalActors__/ThirdPerson/Maps/ThirdPersonMap/8/XW/3SPKAQKN9NFCQX7GZASJC1
 |- Actor Path: /Game/ThirdPerson/Maps/ThirdPersonMap.ThirdPersonMap:PersistentLevel.StaticMeshActor_UAID_4CCC6A4801F8E41B02_2106431152
 |- Actor Package: /Game/__ExternalActors__/ThirdPerson/Maps/ThirdPersonMap/8/DS/WAFQ97XV9763R462BUEFKY
 |- Actor Path: /Game/ThirdPerson/Maps/ThirdPersonMap.ThirdPersonMap:PersistentLevel.StaticMeshActor_UAID_4CCC6A4801F8E41B02_2106747153
 |- Actor Package: /Game/__ExternalActors__/ThirdPerson/Maps/ThirdPersonMap/7/AW/LS6SA60YU0YW9HRYTZ6PRE
 |- Actor Path: /Game/ThirdPerson/Maps/ThirdPersonMap.ThirdPersonMap:PersistentLevel.StaticMeshActor_UAID_4CCC6A4801F8E41B02_2107102154
 |- Actor Package: /Game/__ExternalActors__/ThirdPerson/Maps/ThirdPersonMap/C/OC/QSDXTFJOLE1SHFFZBOTBQL
 |- Actor Path: /Game/ThirdPerson/Maps/ThirdPersonMap.ThirdPersonMap:PersistentLevel.StaticMeshActor_UAID_4CCC6A4801F8E41B02_2107458155
 |- Actor Package: /Game/__ExternalActors__/ThirdPerson/Maps/ThirdPersonMap/B/8O/PD5H5JOZMTHY2E7K6U1CYF
 |- Actor Path: /Game/ThirdPerson/Maps/ThirdPersonMap.ThirdPersonMap:PersistentLevel.StaticMeshActor_UAID_4CCC6A4801F8E41B02_2107794156
 |- Actor Package: /Game/__ExternalActors__/ThirdPerson/Maps/ThirdPersonMap/7/WJ/J5J2MAR16TVC3UINMUTF5B
 |- Actor Path: /Game/ThirdPerson/Maps/ThirdPersonMap.ThirdPersonMap:PersistentLevel.StaticMeshActor_UAID_4CCC6A4801F8E41B02_2108178157
 |- Actor Package: /Game/__ExternalActors__/ThirdPerson/Maps/ThirdPersonMap/7/YY/0980NGLTFSMH1URBZMVPXG
 |- Actor Path: /Game/ThirdPerson/Maps/ThirdPersonMap.ThirdPersonMap:PersistentLevel.StaticMeshActor_UAID_4CCC6A4801F8E51B02_2028132338
 |- Actor Package: /Game/__ExternalActors__/ThirdPerson/Maps/ThirdPersonMap/5/B5/D00PK9TBI08IGTI19KR1US
 |- Actor Path: /Game/ThirdPerson/Maps/ThirdPersonMap.ThirdPersonMap:PersistentLevel.StaticMeshActor_UAID_4CCC6A4801F8E61B02_1142943515
 |- Actor Package: /Game/__ExternalActors__/ThirdPerson/Maps/ThirdPersonMap/3/Z9/3V43OP40SOUMDC93XB02MF
 |- Actor Path: /Game/ThirdPerson/Maps/ThirdPersonMap.ThirdPersonMap:PersistentLevel.StaticMeshActor_UAID_4CCC6A4801F8E61B02_1156961516
 |- Actor Package: /Game/__ExternalActors__/ThirdPerson/Maps/ThirdPersonMap/B/ZX/9I15G0UAHB7E3JP8RKC2TV
 |- Actor Path: /Game/ThirdPerson/Maps/ThirdPersonMap.ThirdPersonMap:PersistentLevel.StaticMeshActor_UAID_4CCC6A4801F8E61B02_1170117517
 |- Actor Package: /Game/__ExternalActors__/ThirdPerson/Maps/ThirdPersonMap/9/0Y/8X96D2DF0BAORDHTCCHXQJ
 |- Actor Path: /Game/ThirdPerson/Maps/ThirdPersonMap.ThirdPersonMap:PersistentLevel.StaticMeshActor_UAID_4CCC6A4801F8E61B02_1288873519
 |- Actor Package: /Game/__ExternalActors__/ThirdPerson/Maps/ThirdPersonMap/1/A7/D7OCMD3E55249UM8M0W81F
 |- Actor Path: /Game/ThirdPerson/Maps/ThirdPersonMap.ThirdPersonMap:PersistentLevel.StaticMeshActor_UAID_4CCC6A4801F8E61B02_1564821521
 |- Actor Package: /Game/__ExternalActors__/ThirdPerson/Maps/ThirdPersonMap/1/XU/OBH6X2MC1UNV77JEOQUCBX
 |- Actor Path: /Game/ThirdPerson/Maps/ThirdPersonMap.ThirdPersonMap:PersistentLevel.StaticMeshActor_UAID_4CCC6A4801F8E61B02_1684768522
 |- Actor Package: /Game/__ExternalActors__/ThirdPerson/Maps/ThirdPersonMap/D/MW/NXIL6Z6WUEAN2VES4ON57N
 |- Actor Path: /Game/ThirdPerson/Maps/ThirdPersonMap.ThirdPersonMap:PersistentLevel.StaticMeshActor_UAID_4CCC6A4801F8E81B02_1499951875
 |- Actor Package: /Game/__ExternalActors__/ThirdPerson/Maps/ThirdPersonMap/6/HL/09C895QSHLW3BDQYOJB1W3
 |- Actor Path: /Game/ThirdPerson/Maps/ThirdPersonMap.ThirdPersonMap:PersistentLevel.StaticMeshActor_UAID_4CCC6A4801F8E81B02_1728357877
 |- Actor Package: /Game/__ExternalActors__/ThirdPerson/Maps/ThirdPersonMap/8/GV/D8K2KOA2SRZ2NQ4X1PB266
 |- Actor Path: /Game/ThirdPerson/Maps/ThirdPersonMap.ThirdPersonMap:PersistentLevel.StaticMeshActor_UAID_4CCC6A4801F8E81B02_1844840878
 |- Actor Package: /Game/__ExternalActors__/ThirdPerson/Maps/ThirdPersonMap/B/BO/3YG976SF0SM54CBNIS0VWN
 |- Actor Path: /Game/ThirdPerson/Maps/ThirdPersonMap.ThirdPersonMap:PersistentLevel.StaticMeshActor_UAID_4CCC6A4801F8E91B02_1121188057
 |- Actor Package: /Game/__ExternalActors__/ThirdPerson/Maps/ThirdPersonMap/8/62/3KQT9FUXI2T9T8EP9CSQUC
 |- Actor Path: /Game/ThirdPerson/Maps/ThirdPersonMap.ThirdPersonMap:PersistentLevel.StaticMeshActor_UAID_4CCC6A4801F8E91B02_1269301058
 |- Actor Package: /Game/__ExternalActors__/ThirdPerson/Maps/ThirdPersonMap/A/0S/7H4EC0AH3UW5V87V75X8G4
 |- Actor Path: /Game/ThirdPerson/Maps/ThirdPersonMap.ThirdPersonMap:PersistentLevel.StaticMeshActor_UAID_4CCC6A4801F8E91B02_1441054059
 |- Actor Package: /Game/__ExternalActors__/ThirdPerson/Maps/ThirdPersonMap/7/IN/5ZIJTUMHEQM2WSZFE1LN9W
 |- Actor Path: /Game/ThirdPerson/Maps/ThirdPersonMap.ThirdPersonMap:PersistentLevel.StaticMeshActor_UAID_4CCC6A4801F8E91B02_1501187060
 |- Actor Package: /Game/__ExternalActors__/ThirdPerson/Maps/ThirdPersonMap/3/XB/ZQGUIGXUBVFFXR7YYNSRIE
 |- Actor Path: /Game/ThirdPerson/Maps/ThirdPersonMap.ThirdPersonMap:PersistentLevel.StaticMeshActor_UAID_A4AE111137DC5EFB00_1110535423
 |- Actor Package: /Game/__ExternalActors__/ThirdPerson/Maps/ThirdPersonMap/4/PN/2QISIGK5DJNQ05US8O8FXW
 |- Actor Path: /Game/ThirdPerson/Maps/ThirdPersonMap.ThirdPersonMap:PersistentLevel.TextRenderActor_1
 |- Actor Package: /Game/__ExternalActors__/ThirdPerson/Maps/ThirdPersonMap/1/WU/NB37RT5Q32Z8MJWD8BD2SO
 |- Actor Path: /Game/ThirdPerson/Maps/ThirdPersonMap.ThirdPersonMap:PersistentLevel.VolumetricCloud_0
 |- Actor Package: /Game/__ExternalActors__/ThirdPerson/Maps/ThirdPersonMap/3/EY/87SHEJN5UBEAN2K5OV1G6R
 |- Actor Path: /Game/ThirdPerson/Maps/ThirdPersonMap.ThirdPersonMap:PersistentLevel.WorldDataLayers
 |- Actor Package: /Game/__ExternalActors__/ThirdPerson/Maps/ThirdPersonMap/0/43/HYQWORMY4JDQ5X3OKZXFLC

----------------------------------------------------------------------------------------------------------------
ThirdPersonMap - Runtime Hash Set
----------------------------------------------------------------------------------------------------------------

